2025-06-09 00:04:32,197 - INFO - DataFrame created with shape: (27389, 136)
2025-06-09 00:04:32,197 - INFO - Original class counts:
2025-06-09 00:04:32,197 - INFO - acs_mu_class
1    25462
2     1926
3        1
2025-06-09 00:04:32,201 - INFO - Number of fake detections (class 3): 1
2025-06-09 00:04:32,218 - INFO - After dropping fakes and mapping classes (0: Galaxy, 1: Star):
2025-06-09 00:04:32,218 - INFO - acs_mu_class
0    25462
1     1926
2025-06-09 00:04:32,674 - INFO - STARTING HPO COMPARISON LOOP for groups: ['group_1', 'group_2', 'group_3']
2025-06-09 00:04:32,679 - INFO - 
============================== Running HPO for Group: group_1 ==============================
2025-06-09 00:04:32,679 - INFO - Original dataset size: (27388, 136)
2025-06-09 00:04:32,695 - INFO - Dataset size after dropping NaNs: (27388, 8)
2025-06-09 00:04:32,696 - INFO - Value counts for target:
1 (Star): 1926
0 (Galaxy): 25462
2025-06-09 00:04:32,698 - INFO - Splitting data using 'stratified' strategy...
2025-06-09 00:04:32,698 - INFO - Target split ratios: Train=0.70, Val=0.10, Test=0.20, Cal=0.00
2025-06-09 00:04:32,717 - INFO - Train set shape: (19171, 7)
2025-06-09 00:04:32,719 - INFO - Validation set shape: (2739, 7)
2025-06-09 00:04:32,719 - INFO - Calibration set is empty (CAL_SIZE=0).
2025-06-09 00:04:32,719 - INFO - Test set shape: (5478, 7)
2025-06-09 00:04:32,719 - INFO - Calibration set shape: (0, 7)
2025-06-09 00:04:32,719 - INFO - Split lengths verification successful.
2025-06-09 00:04:32,719 - INFO - Data splitting complete.
2025-06-09 00:04:32,719 - INFO - Train target distribution:
acs_mu_class
0    0.929685
1    0.070315
Name: count, dtype: float64
2025-06-09 00:04:32,719 - INFO - Train target counts:
acs_mu_class
0    17823
1     1348
Name: count, dtype: int64
2025-06-09 00:04:32,719 - INFO - Validation target distribution:
acs_mu_class
0    0.929536
1    0.070464
Name: count, dtype: float64
2025-06-09 00:04:32,719 - INFO - Validation target counts:
acs_mu_class
0    2546
1     193
Name: count, dtype: int64
2025-06-09 00:04:32,719 - INFO - Test target distribution:
acs_mu_class
0    0.929719
1    0.070281
Name: count, dtype: float64
2025-06-09 00:04:32,719 - INFO - Test target counts:
acs_mu_class
0    5093
1     385
Name: count, dtype: int64
2025-06-09 00:04:32,719 - INFO - Calibration target distribution: Set is empty.
2025-06-09 00:04:32,719 - INFO - No existing scaler found for group 'group_1', will fit a new one if possible.
2025-06-09 00:04:32,719 - INFO - Applying StandardScaler to features...
2025-06-09 00:04:32,735 - INFO - Scaler saved to trained_models\group_1\scaler_group_1.joblib
2025-06-09 00:04:32,735 - INFO - Feature scaling complete.
2025-06-09 00:04:32,735 - INFO - 
==================== Starting HPO Comparison for SVM ====================
2025-06-09 00:04:32,739 - INFO - --- Starting Hyperband HPO ---
2025-06-09 00:11:16,877 - INFO - Hyperband finished in 404.14s. Best score: 0.5513
2025-06-09 00:11:16,877 - INFO - --- Starting Random Search (n_iter=60) ---
2025-06-09 00:26:26,453 - INFO - --- Starting Grid Search (n_configs=30) ---
2025-06-09 00:33:31,449 - INFO - 
--- HPO Comparison Summary for SVM ---
2025-06-09 00:33:31,449 - INFO -   Method: Hyperband | Best Score: 0.5513 | Time: 404.14s | Configs: 72
2025-06-09 00:33:31,450 - INFO -   Method: Random Search | Best Score: 0.5513 | Time: 909.58s | Configs: 60
2025-06-09 00:33:31,450 - INFO -   Method: Grid Search | Best Score: 0.5611 | Time: 424.99s | Configs: 30
2025-06-09 00:33:31,450 - INFO - --- Overall Best Method: Grid Search (Score: 0.5611) ---
2025-06-09 00:33:31,454 - INFO - 
==================== Starting HPO Comparison for CART ====================
2025-06-09 00:33:31,454 - INFO - --- Starting Hyperband HPO ---
2025-06-09 00:33:35,129 - INFO - Hyperband finished in 3.68s. Best score: 0.5962
2025-06-09 00:33:35,129 - INFO - --- Starting Random Search (n_iter=60) ---
2025-06-09 00:33:41,491 - INFO - --- Starting Grid Search (n_configs=54) ---
2025-06-09 00:33:51,611 - INFO - 
--- HPO Comparison Summary for CART ---
2025-06-09 00:33:51,612 - INFO -   Method: Hyperband | Best Score: 0.5962 | Time: 3.68s | Configs: 72
2025-06-09 00:33:51,612 - INFO -   Method: Random Search | Best Score: 0.6313 | Time: 6.36s | Configs: 60
2025-06-09 00:33:51,612 - INFO -   Method: Grid Search | Best Score: 0.5130 | Time: 10.12s | Configs: 54
2025-06-09 00:33:51,612 - INFO - --- Overall Best Method: Random Search (Score: 0.6313) ---
2025-06-09 00:33:51,615 - INFO - 
==================== Starting HPO Comparison for Random_Forest ====================
2025-06-09 00:33:51,615 - INFO - --- Starting Hyperband HPO ---
2025-06-09 00:39:52,835 - INFO - Hyperband finished in 361.22s. Best score: 0.6785
2025-06-09 00:39:52,835 - INFO - --- Starting Random Search (n_iter=60) ---
2025-06-09 00:45:29,635 - INFO - --- Starting Grid Search (n_configs=16) ---
2025-06-09 00:47:26,788 - INFO - 
--- HPO Comparison Summary for Random_Forest ---
2025-06-09 00:47:26,790 - INFO -   Method: Hyperband | Best Score: 0.6785 | Time: 361.22s | Configs: 72
2025-06-09 00:47:26,791 - INFO -   Method: Random Search | Best Score: 0.6685 | Time: 336.80s | Configs: 60
2025-06-09 00:47:26,791 - INFO -   Method: Grid Search | Best Score: 0.6667 | Time: 117.15s | Configs: 16
2025-06-09 00:47:26,791 - INFO - --- Overall Best Method: Hyperband (Score: 0.6785) ---
2025-06-09 00:47:26,796 - INFO - 
==================== Starting HPO Comparison for XGBoost ====================
2025-06-09 00:47:26,796 - INFO - --- Starting Hyperband HPO ---
2025-06-09 00:47:47,616 - INFO - Hyperband finished in 20.82s. Best score: 0.6581
2025-06-09 00:47:47,616 - INFO - --- Starting Random Search (n_iter=60) ---
2025-06-09 00:48:11,913 - INFO - --- Starting Grid Search (n_configs=36) ---
2025-06-09 00:48:29,444 - INFO - 
--- HPO Comparison Summary for XGBoost ---
2025-06-09 00:48:29,444 - INFO -   Method: Hyperband | Best Score: 0.6581 | Time: 20.82s | Configs: 72
2025-06-09 00:48:29,444 - INFO -   Method: Random Search | Best Score: 0.6512 | Time: 24.30s | Configs: 60
2025-06-09 00:48:29,445 - INFO -   Method: Grid Search | Best Score: 0.6476 | Time: 17.53s | Configs: 36
2025-06-09 00:48:29,445 - INFO - --- Overall Best Method: Hyperband (Score: 0.6581) ---
2025-06-09 00:48:29,449 - INFO - 
==================== Starting HPO Comparison for LightGBM ====================
2025-06-09 00:48:29,449 - INFO - --- Starting Hyperband HPO ---
2025-06-09 00:48:48,722 - INFO - Hyperband finished in 19.27s. Best score: 0.6471
2025-06-09 00:48:48,722 - INFO - --- Starting Random Search (n_iter=60) ---
2025-06-09 00:49:05,219 - INFO - --- Starting Grid Search (n_configs=36) ---
2025-06-09 00:49:15,752 - INFO - 
--- HPO Comparison Summary for LightGBM ---
2025-06-09 00:49:15,752 - INFO -   Method: Hyperband | Best Score: 0.6471 | Time: 19.27s | Configs: 72
2025-06-09 00:49:15,752 - INFO -   Method: Random Search | Best Score: 0.6492 | Time: 16.50s | Configs: 60
2025-06-09 00:49:15,752 - INFO -   Method: Grid Search | Best Score: 0.6452 | Time: 10.53s | Configs: 36
2025-06-09 00:49:15,752 - INFO - --- Overall Best Method: Random Search (Score: 0.6492) ---
2025-06-09 00:49:15,752 - INFO - [group_1] Successfully saved best parameters to best_params\group_1_best_params.json
2025-06-09 00:49:15,752 - INFO - --- Finished HPO for Group: group_1 in 2683.07 seconds ---
2025-06-09 00:49:15,752 - INFO - 
============================== Running HPO for Group: group_2 ==============================
2025-06-09 00:49:15,752 - INFO - Original dataset size: (27388, 136)
2025-06-09 00:49:15,770 - INFO - Dataset size after dropping NaNs: (27388, 49)
2025-06-09 00:49:15,771 - INFO - Value counts for target:
1 (Star): 1926
0 (Galaxy): 25462
2025-06-09 00:49:15,776 - INFO - Splitting data using 'stratified' strategy...
2025-06-09 00:49:15,776 - INFO - Target split ratios: Train=0.70, Val=0.10, Test=0.20, Cal=0.00
2025-06-09 00:49:15,807 - INFO - Train set shape: (19171, 48)
2025-06-09 00:49:15,816 - INFO - Validation set shape: (2739, 48)
2025-06-09 00:49:15,816 - INFO - Calibration set is empty (CAL_SIZE=0).
2025-06-09 00:49:15,816 - INFO - Test set shape: (5478, 48)
2025-06-09 00:49:15,816 - INFO - Calibration set shape: (0, 48)
2025-06-09 00:49:15,816 - INFO - Split lengths verification successful.
2025-06-09 00:49:15,816 - INFO - Data splitting complete.
2025-06-09 00:49:15,818 - INFO - Train target distribution:
acs_mu_class
0    0.929685
1    0.070315
Name: count, dtype: float64
2025-06-09 00:49:15,818 - INFO - Train target counts:
acs_mu_class
0    17823
1     1348
Name: count, dtype: int64
2025-06-09 00:49:15,818 - INFO - Validation target distribution:
acs_mu_class
0    0.929536
1    0.070464
Name: count, dtype: float64
2025-06-09 00:49:15,818 - INFO - Validation target counts:
acs_mu_class
0    2546
1     193
Name: count, dtype: int64
2025-06-09 00:49:15,818 - INFO - Test target distribution:
acs_mu_class
0    0.929719
1    0.070281
Name: count, dtype: float64
2025-06-09 00:49:15,818 - INFO - Test target counts:
acs_mu_class
0    5093
1     385
Name: count, dtype: int64
2025-06-09 00:49:15,818 - INFO - Calibration target distribution: Set is empty.
2025-06-09 00:49:15,818 - INFO - No existing scaler found for group 'group_2', will fit a new one if possible.
2025-06-09 00:49:15,818 - INFO - Applying StandardScaler to features...
2025-06-09 00:49:15,847 - INFO - Scaler saved to trained_models\group_2\scaler_group_2.joblib
2025-06-09 00:49:15,848 - INFO - Feature scaling complete.
2025-06-09 00:49:15,849 - INFO - 
==================== Starting HPO Comparison for SVM ====================
2025-06-09 00:49:15,849 - INFO - --- Starting Hyperband HPO ---
2025-06-09 00:58:43,875 - INFO - Hyperband finished in 568.03s. Best score: 0.5994
2025-06-09 00:58:43,875 - INFO - --- Starting Random Search (n_iter=60) ---
2025-06-09 01:23:29,843 - INFO - --- Starting Grid Search (n_configs=30) ---
2025-06-09 01:35:13,494 - INFO - 
--- HPO Comparison Summary for SVM ---
2025-06-09 01:35:13,494 - INFO -   Method: Hyperband | Best Score: 0.5994 | Time: 568.03s | Configs: 72
2025-06-09 01:35:13,494 - INFO -   Method: Random Search | Best Score: 0.6013 | Time: 1485.97s | Configs: 60
2025-06-09 01:35:13,494 - INFO -   Method: Grid Search | Best Score: 0.5952 | Time: 703.65s | Configs: 30
2025-06-09 01:35:13,494 - INFO - --- Overall Best Method: Random Search (Score: 0.6013) ---
2025-06-09 01:35:13,497 - INFO - 
==================== Starting HPO Comparison for CART ====================
2025-06-09 01:35:13,498 - INFO - --- Starting Hyperband HPO ---
2025-06-09 01:35:32,276 - INFO - Hyperband finished in 18.78s. Best score: 0.5268
2025-06-09 01:35:32,276 - INFO - --- Starting Random Search (n_iter=60) ---
2025-06-09 01:36:02,827 - INFO - --- Starting Grid Search (n_configs=54) ---
2025-06-09 01:37:08,295 - INFO - 
--- HPO Comparison Summary for CART ---
2025-06-09 01:37:08,295 - INFO -   Method: Hyperband | Best Score: 0.5268 | Time: 18.78s | Configs: 72
2025-06-09 01:37:08,295 - INFO -   Method: Random Search | Best Score: 0.5378 | Time: 30.55s | Configs: 60
2025-06-09 01:37:08,295 - INFO -   Method: Grid Search | Best Score: 0.5964 | Time: 65.47s | Configs: 54
2025-06-09 01:37:08,295 - INFO - --- Overall Best Method: Grid Search (Score: 0.5964) ---
2025-06-09 01:37:08,295 - INFO - 
==================== Starting HPO Comparison for Random_Forest ====================
2025-06-09 01:37:08,295 - INFO - --- Starting Hyperband HPO ---
2025-06-09 02:14:15,689 - INFO - Hyperband finished in 2227.39s. Best score: 0.7582
2025-06-09 02:14:15,689 - INFO - --- Starting Random Search (n_iter=60) ---
2025-06-09 02:42:33,159 - INFO - --- Starting Grid Search (n_configs=16) ---
2025-06-09 02:48:47,215 - INFO - 
--- HPO Comparison Summary for Random_Forest ---
2025-06-09 02:48:47,215 - INFO -   Method: Hyperband | Best Score: 0.7582 | Time: 2227.39s | Configs: 72
2025-06-09 02:48:47,215 - INFO -   Method: Random Search | Best Score: 0.7549 | Time: 1697.47s | Configs: 60
2025-06-09 02:48:47,215 - INFO -   Method: Grid Search | Best Score: 0.7372 | Time: 374.06s | Configs: 16
2025-06-09 02:48:47,215 - INFO - --- Overall Best Method: Hyperband (Score: 0.7582) ---
2025-06-09 02:48:47,219 - INFO - 
==================== Starting HPO Comparison for XGBoost ====================
2025-06-09 02:48:47,219 - INFO - --- Starting Hyperband HPO ---
2025-06-09 02:49:55,909 - INFO - Hyperband finished in 68.69s. Best score: 0.7688
2025-06-09 02:49:55,909 - INFO - --- Starting Random Search (n_iter=60) ---
2025-06-09 02:51:16,998 - INFO - --- Starting Grid Search (n_configs=36) ---
2025-06-09 02:52:12,228 - INFO - 
--- HPO Comparison Summary for XGBoost ---
2025-06-09 02:52:12,228 - INFO -   Method: Hyperband | Best Score: 0.7688 | Time: 68.69s | Configs: 72
2025-06-09 02:52:12,228 - INFO -   Method: Random Search | Best Score: 0.7799 | Time: 81.09s | Configs: 60
2025-06-09 02:52:12,228 - INFO -   Method: Grid Search | Best Score: 0.7819 | Time: 55.23s | Configs: 36
2025-06-09 02:52:12,228 - INFO - --- Overall Best Method: Grid Search (Score: 0.7819) ---
2025-06-09 02:52:12,232 - INFO - 
==================== Starting HPO Comparison for LightGBM ====================
2025-06-09 02:52:12,232 - INFO - --- Starting Hyperband HPO ---
2025-06-09 02:52:40,915 - INFO - Hyperband finished in 28.68s. Best score: 0.7669
2025-06-09 02:52:40,915 - INFO - --- Starting Random Search (n_iter=60) ---
2025-06-09 02:53:10,218 - INFO - --- Starting Grid Search (n_configs=36) ---
2025-06-09 02:53:30,141 - INFO - 
--- HPO Comparison Summary for LightGBM ---
2025-06-09 02:53:30,141 - INFO -   Method: Hyperband | Best Score: 0.7669 | Time: 28.68s | Configs: 72
2025-06-09 02:53:30,141 - INFO -   Method: Random Search | Best Score: 0.7801 | Time: 29.30s | Configs: 60
2025-06-09 02:53:30,141 - INFO -   Method: Grid Search | Best Score: 0.7902 | Time: 19.92s | Configs: 36
2025-06-09 02:53:30,147 - INFO - --- Overall Best Method: Grid Search (Score: 0.7902) ---
2025-06-09 02:53:30,148 - INFO - [group_2] Successfully saved best parameters to best_params\group_2_best_params.json
2025-06-09 02:53:30,148 - INFO - --- Finished HPO for Group: group_2 in 7454.40 seconds ---
2025-06-09 02:53:30,149 - INFO - 
============================== Running HPO for Group: group_3 ==============================
2025-06-09 02:53:30,149 - INFO - Original dataset size: (27388, 136)
2025-06-09 02:53:30,159 - INFO - Dataset size after dropping NaNs: (27388, 56)
2025-06-09 02:53:30,159 - INFO - Value counts for target:
1 (Star): 1926
0 (Galaxy): 25462
2025-06-09 02:53:30,171 - INFO - Splitting data using 'stratified' strategy...
2025-06-09 02:53:30,171 - INFO - Target split ratios: Train=0.70, Val=0.10, Test=0.20, Cal=0.00
2025-06-09 02:53:30,191 - INFO - Train set shape: (19171, 55)
2025-06-09 02:53:30,195 - INFO - Validation set shape: (2739, 55)
2025-06-09 02:53:30,195 - INFO - Calibration set is empty (CAL_SIZE=0).
2025-06-09 02:53:30,195 - INFO - Test set shape: (5478, 55)
2025-06-09 02:53:30,195 - INFO - Calibration set shape: (0, 55)
2025-06-09 02:53:30,195 - INFO - Split lengths verification successful.
2025-06-09 02:53:30,195 - INFO - Data splitting complete.
2025-06-09 02:53:30,195 - INFO - Train target distribution:
acs_mu_class
0    0.929685
1    0.070315
Name: count, dtype: float64
2025-06-09 02:53:30,195 - INFO - Train target counts:
acs_mu_class
0    17823
1     1348
Name: count, dtype: int64
2025-06-09 02:53:30,195 - INFO - Validation target distribution:
acs_mu_class
0    0.929536
1    0.070464
Name: count, dtype: float64
2025-06-09 02:53:30,195 - INFO - Validation target counts:
acs_mu_class
0    2546
1     193
Name: count, dtype: int64
2025-06-09 02:53:30,195 - INFO - Test target distribution:
acs_mu_class
0    0.929719
1    0.070281
Name: count, dtype: float64
2025-06-09 02:53:30,195 - INFO - Test target counts:
acs_mu_class
0    5093
1     385
Name: count, dtype: int64
2025-06-09 02:53:30,195 - INFO - Calibration target distribution: Set is empty.
2025-06-09 02:53:30,195 - INFO - No existing scaler found for group 'group_3', will fit a new one if possible.
2025-06-09 02:53:30,195 - INFO - Applying StandardScaler to features...
2025-06-09 02:53:30,229 - INFO - Scaler saved to trained_models\group_3\scaler_group_3.joblib
2025-06-09 02:53:30,229 - INFO - Feature scaling complete.
2025-06-09 02:53:30,231 - INFO - 
==================== Starting HPO Comparison for SVM ====================
2025-06-09 02:53:30,231 - INFO - --- Starting Hyperband HPO ---
2025-06-09 03:03:05,593 - INFO - Hyperband finished in 575.36s. Best score: 0.6375
2025-06-09 03:03:05,593 - INFO - --- Starting Random Search (n_iter=60) ---
2025-06-09 03:28:11,783 - INFO - --- Starting Grid Search (n_configs=30) ---
2025-06-09 03:39:12,734 - INFO - 
--- HPO Comparison Summary for SVM ---
2025-06-09 03:39:12,734 - INFO -   Method: Hyperband | Best Score: 0.6375 | Time: 575.36s | Configs: 72
2025-06-09 03:39:12,734 - INFO -   Method: Random Search | Best Score: 0.6481 | Time: 1506.19s | Configs: 60
2025-06-09 03:39:12,746 - INFO -   Method: Grid Search | Best Score: 0.6296 | Time: 660.95s | Configs: 30
2025-06-09 03:39:12,746 - INFO - --- Overall Best Method: Random Search (Score: 0.6481) ---
2025-06-09 03:39:12,748 - INFO - 
==================== Starting HPO Comparison for CART ====================
2025-06-09 03:39:12,748 - INFO - --- Starting Hyperband HPO ---
2025-06-09 03:39:30,595 - INFO - Hyperband finished in 17.85s. Best score: 0.6313
2025-06-09 03:39:30,595 - INFO - --- Starting Random Search (n_iter=60) ---
2025-06-09 03:40:02,577 - INFO - --- Starting Grid Search (n_configs=54) ---
2025-06-09 03:41:13,574 - INFO - 
--- HPO Comparison Summary for CART ---
2025-06-09 03:41:13,574 - INFO -   Method: Hyperband | Best Score: 0.6313 | Time: 17.85s | Configs: 72
2025-06-09 03:41:13,574 - INFO -   Method: Random Search | Best Score: 0.6313 | Time: 31.98s | Configs: 60
2025-06-09 03:41:13,574 - INFO -   Method: Grid Search | Best Score: 0.6649 | Time: 71.00s | Configs: 54
2025-06-09 03:41:13,574 - INFO - --- Overall Best Method: Grid Search (Score: 0.6649) ---
2025-06-09 03:41:13,574 - INFO - 
==================== Starting HPO Comparison for Random_Forest ====================
2025-06-09 03:41:13,574 - INFO - --- Starting Hyperband HPO ---
2025-06-09 04:15:15,703 - INFO - Hyperband finished in 2042.13s. Best score: 0.7908
2025-06-09 04:15:15,703 - INFO - --- Starting Random Search (n_iter=60) ---
2025-06-09 04:44:13,123 - INFO - --- Starting Grid Search (n_configs=16) ---
2025-06-09 04:50:41,012 - INFO - 
--- HPO Comparison Summary for Random_Forest ---
2025-06-09 04:50:41,012 - INFO -   Method: Hyperband | Best Score: 0.7908 | Time: 2042.13s | Configs: 72
2025-06-09 04:50:41,012 - INFO -   Method: Random Search | Best Score: 0.7874 | Time: 1737.42s | Configs: 60
2025-06-09 04:50:41,012 - INFO -   Method: Grid Search | Best Score: 0.7870 | Time: 387.89s | Configs: 16
2025-06-09 04:50:41,012 - INFO - --- Overall Best Method: Hyperband (Score: 0.7908) ---
2025-06-09 04:50:41,015 - INFO - 
==================== Starting HPO Comparison for XGBoost ====================
2025-06-09 04:50:41,015 - INFO - --- Starting Hyperband HPO ---
2025-06-09 04:51:51,463 - INFO - Hyperband finished in 70.45s. Best score: 0.8187
2025-06-09 04:51:51,463 - INFO - --- Starting Random Search (n_iter=60) ---
2025-06-09 04:53:19,753 - INFO - --- Starting Grid Search (n_configs=36) ---
2025-06-09 04:54:21,503 - INFO - 
--- HPO Comparison Summary for XGBoost ---
2025-06-09 04:54:21,503 - INFO -   Method: Hyperband | Best Score: 0.8187 | Time: 70.45s | Configs: 72
2025-06-09 04:54:21,503 - INFO -   Method: Random Search | Best Score: 0.8189 | Time: 88.29s | Configs: 60
2025-06-09 04:54:21,503 - INFO -   Method: Grid Search | Best Score: 0.8255 | Time: 61.75s | Configs: 36
2025-06-09 04:54:21,503 - INFO - --- Overall Best Method: Grid Search (Score: 0.8255) ---
2025-06-09 04:54:21,503 - INFO - 
==================== Starting HPO Comparison for LightGBM ====================
2025-06-09 04:54:21,503 - INFO - --- Starting Hyperband HPO ---
2025-06-09 04:54:54,520 - INFO - Hyperband finished in 33.02s. Best score: 0.8084
2025-06-09 04:54:54,520 - INFO - --- Starting Random Search (n_iter=60) ---
2025-06-09 04:55:27,035 - INFO - --- Starting Grid Search (n_configs=36) ---
2025-06-09 04:55:48,756 - INFO - 
--- HPO Comparison Summary for LightGBM ---
2025-06-09 04:55:48,756 - INFO -   Method: Hyperband | Best Score: 0.8084 | Time: 33.02s | Configs: 72
2025-06-09 04:55:48,756 - INFO -   Method: Random Search | Best Score: 0.8105 | Time: 32.51s | Configs: 60
2025-06-09 04:55:48,756 - INFO -   Method: Grid Search | Best Score: 0.8278 | Time: 21.72s | Configs: 36
2025-06-09 04:55:48,756 - INFO - --- Overall Best Method: Grid Search (Score: 0.8278) ---
2025-06-09 04:55:48,770 - INFO - [group_3] Successfully saved best parameters to best_params\group_3_best_params.json
2025-06-09 04:55:48,771 - INFO - --- Finished HPO for Group: group_3 in 7338.62 seconds ---
2025-06-09 04:55:48,773 - INFO - 
============================== FINISHED HPO COMPARISON FOR ALL GROUPS in 17476.10 seconds ==============================
2025-06-09 04:55:48,813 - INFO - STARTING MAIN WORKFLOW LOOP for groups: ['group_1', 'group_2', 'group_3']
2025-06-09 04:55:48,816 - INFO - 
============================== Processing Feature Group: group_1 ==============================
2025-06-09 04:55:48,817 - INFO - [group_1] Successfully loaded best parameters from best_params\group_1_best_params.json
2025-06-09 04:55:48,817 - INFO - Original dataset size: (27388, 136)
2025-06-09 04:55:48,822 - INFO - Dataset size after dropping NaNs: (27388, 8)
2025-06-09 04:55:48,822 - INFO - Value counts for target:
1 (Star): 1926
0 (Galaxy): 25462
2025-06-09 04:55:48,830 - INFO - Splitting data using 'stratified' strategy...
2025-06-09 04:55:48,831 - INFO - Target split ratios: Train=0.70, Val=0.10, Test=0.20, Cal=0.00
2025-06-09 04:55:48,846 - INFO - Train set shape: (19171, 7)
2025-06-09 04:55:48,846 - INFO - Validation set shape: (2739, 7)
2025-06-09 04:55:48,846 - INFO - Calibration set is empty (CAL_SIZE=0).
2025-06-09 04:55:48,846 - INFO - Test set shape: (5478, 7)
2025-06-09 04:55:48,846 - INFO - Calibration set shape: (0, 7)
2025-06-09 04:55:48,846 - INFO - Split lengths verification successful.
2025-06-09 04:55:48,846 - INFO - Data splitting complete.
2025-06-09 04:55:48,846 - INFO - Train target distribution:
acs_mu_class
0    0.929685
1    0.070315
Name: count, dtype: float64
2025-06-09 04:55:48,846 - INFO - Train target counts:
acs_mu_class
0    17823
1     1348
Name: count, dtype: int64
2025-06-09 04:55:48,846 - INFO - Validation target distribution:
acs_mu_class
0    0.929536
1    0.070464
Name: count, dtype: float64
2025-06-09 04:55:48,846 - INFO - Validation target counts:
acs_mu_class
0    2546
1     193
Name: count, dtype: int64
2025-06-09 04:55:48,862 - INFO - Test target distribution:
acs_mu_class
0    0.929719
1    0.070281
Name: count, dtype: float64
2025-06-09 04:55:48,862 - INFO - Test target counts:
acs_mu_class
0    5093
1     385
Name: count, dtype: int64
2025-06-09 04:55:48,862 - INFO - Calibration target distribution: Set is empty.
2025-06-09 04:55:48,862 - INFO - Scaler loaded from trained_models\group_1\scaler_group_1.joblib
2025-06-09 04:55:48,862 - INFO - Feature scaling complete.
2025-06-09 04:55:48,862 - INFO - 

===== Starting Workflow for SVM (group_1) =====
2025-06-09 04:55:48,862 - INFO - --- [SVM] Using provided hyperparameters, skipping HPO. ---
2025-06-09 04:55:48,862 - INFO - --- Preparing Model Training & Calibration (cvap) for SVM (group_1) ---
2025-06-09 04:55:48,862 - INFO - --- [SVM] Predictor save file not found at c:\Users\javym\Documents\Github\TFGs\Fisica\ML-for-star-galaxy-classification\trained_models\group_1\SVM_group_1_cvap.joblib. Proceeding with training. ---
2025-06-09 04:55:48,862 - INFO - --- Starting Model Training & Calibration (cvap) ---
2025-06-09 04:55:48,862 - INFO - Using Cross Venn-Abers Prediction (CVAP) with score_method='decision_function'
2025-06-09 04:55:48,862 - INFO - Generating out-of-fold scores for CVAP...
2025-06-09 04:57:20,561 - INFO - Out-of-fold score generation complete.
2025-06-09 04:57:20,561 - INFO - Fitting final base model on all data...
2025-06-09 04:57:38,404 - INFO - Final base model fitting complete.
2025-06-09 04:57:38,404 - INFO - Fitting VennAbers calibrators for each fold...
2025-06-09 04:57:38,555 - INFO - VennAbers fitting complete.
2025-06-09 04:57:38,555 - INFO - --- CVAP Training Complete ---
2025-06-09 04:57:38,560 - INFO - --- [SVM] Model with calibrator saved successfully to c:\Users\javym\Documents\Github\TFGs\Fisica\ML-for-star-galaxy-classification\trained_models\group_1\SVM_group_1_cvap.joblib ---
2025-06-09 04:57:48,216 - INFO - --- SVM Metrics ---
2025-06-09 04:57:48,216 - INFO - Accuracy: 0.9576
2025-06-09 04:57:48,216 - INFO - Precision: 0.7593
2025-06-09 04:57:48,216 - INFO - Recall (TPR): 0.5818
2025-06-09 04:57:48,216 - INFO - Specificity (TNR): 0.9861
2025-06-09 04:57:48,216 - INFO - F1-Score: 0.6588
2025-06-09 04:57:48,216 - INFO - G-Mean: 0.7574
2025-06-09 04:57:48,216 - INFO - ROC AUC: 0.8914
2025-06-09 04:57:48,216 - INFO - PR AUC: 0.6544
2025-06-09 04:57:48,216 - INFO - Brier Score: 0.0404
2025-06-09 04:57:48,216 - INFO - Confusion Matrix (TN, FP, FN, TP): (5022, 71, 161, 224)
2025-06-09 04:57:48,216 - INFO - ===== Finished Workflow for SVM (group_1) =====
2025-06-09 04:57:48,219 - INFO - 

===== Starting Workflow for CART (group_1) =====
2025-06-09 04:57:48,219 - INFO - --- [CART] Using provided hyperparameters, skipping HPO. ---
2025-06-09 04:57:48,219 - INFO - --- Preparing Model Training & Calibration (cvap) for CART (group_1) ---
2025-06-09 04:57:48,219 - INFO - --- [CART] Predictor save file not found at c:\Users\javym\Documents\Github\TFGs\Fisica\ML-for-star-galaxy-classification\trained_models\group_1\CART_group_1_cvap.joblib. Proceeding with training. ---
2025-06-09 04:57:48,220 - INFO - --- Starting Model Training & Calibration (cvap) ---
2025-06-09 04:57:48,220 - INFO - Using Cross Venn-Abers Prediction (CVAP) with score_method='predict_proba'
2025-06-09 04:57:48,220 - INFO - Generating out-of-fold scores for CVAP...
2025-06-09 04:57:48,675 - INFO - Out-of-fold score generation complete.
2025-06-09 04:57:48,675 - INFO - Fitting final base model on all data...
2025-06-09 04:57:48,775 - INFO - Final base model fitting complete.
2025-06-09 04:57:48,776 - INFO - Fitting VennAbers calibrators for each fold...
2025-06-09 04:57:48,778 - INFO - VennAbers fitting complete.
2025-06-09 04:57:48,778 - INFO - --- CVAP Training Complete ---
2025-06-09 04:57:48,790 - INFO - --- [CART] Model with calibrator saved successfully to c:\Users\javym\Documents\Github\TFGs\Fisica\ML-for-star-galaxy-classification\trained_models\group_1\CART_group_1_cvap.joblib ---
2025-06-09 04:57:48,815 - INFO - --- CART Metrics ---
2025-06-09 04:57:48,815 - INFO - Accuracy: 0.9297
2025-06-09 04:57:48,815 - INFO - Precision: 0.0000
2025-06-09 04:57:48,815 - INFO - Recall (TPR): 0.0000
2025-06-09 04:57:48,815 - INFO - Specificity (TNR): 1.0000
2025-06-09 04:57:48,815 - INFO - F1-Score: 0.0000
2025-06-09 04:57:48,815 - INFO - G-Mean: 0.0000
2025-06-09 04:57:48,815 - INFO - ROC AUC: 0.8640
2025-06-09 04:57:48,815 - INFO - PR AUC: 0.6725
2025-06-09 04:57:48,815 - INFO - Brier Score: 0.0703
2025-06-09 04:57:48,815 - INFO - Confusion Matrix (TN, FP, FN, TP): (5093, 0, 385, 0)
2025-06-09 04:57:48,815 - INFO - ===== Finished Workflow for CART (group_1) =====
2025-06-09 04:57:48,815 - INFO - 

===== Starting Workflow for Random_Forest (group_1) =====
2025-06-09 04:57:48,815 - INFO - --- [Random_Forest] Using provided hyperparameters, skipping HPO. ---
2025-06-09 04:57:48,815 - INFO - --- Preparing Model Training & Calibration (cvap) for Random_Forest (group_1) ---
2025-06-09 04:57:48,816 - INFO - --- [Random_Forest] Predictor save file not found at c:\Users\javym\Documents\Github\TFGs\Fisica\ML-for-star-galaxy-classification\trained_models\group_1\Random_Forest_group_1_cvap.joblib. Proceeding with training. ---
2025-06-09 04:57:48,816 - INFO - --- Starting Model Training & Calibration (cvap) ---
2025-06-09 04:57:48,817 - INFO - Using Cross Venn-Abers Prediction (CVAP) with score_method='predict_proba'
2025-06-09 04:57:48,817 - INFO - Generating out-of-fold scores for CVAP...
2025-06-09 04:57:49,701 - INFO - Out-of-fold score generation complete.
2025-06-09 04:57:49,701 - INFO - Fitting final base model on all data...
2025-06-09 04:57:49,901 - INFO - Final base model fitting complete.
2025-06-09 04:57:49,901 - INFO - Fitting VennAbers calibrators for each fold...
2025-06-09 04:57:49,936 - INFO - VennAbers fitting complete.
2025-06-09 04:57:49,936 - INFO - --- CVAP Training Complete ---
2025-06-09 04:57:49,950 - INFO - --- [Random_Forest] Model with calibrator saved successfully to c:\Users\javym\Documents\Github\TFGs\Fisica\ML-for-star-galaxy-classification\trained_models\group_1\Random_Forest_group_1_cvap.joblib ---
2025-06-09 04:57:50,017 - INFO - --- Random_Forest Metrics ---
2025-06-09 04:57:50,018 - INFO - Accuracy: 0.9432
2025-06-09 04:57:50,018 - INFO - Precision: 0.9868
2025-06-09 04:57:50,018 - INFO - Recall (TPR): 0.1948
2025-06-09 04:57:50,018 - INFO - Specificity (TNR): 0.9998
2025-06-09 04:57:50,018 - INFO - F1-Score: 0.3254
2025-06-09 04:57:50,018 - INFO - G-Mean: 0.4413
2025-06-09 04:57:50,018 - INFO - ROC AUC: 0.8456
2025-06-09 04:57:50,018 - INFO - PR AUC: 0.4488
2025-06-09 04:57:50,018 - INFO - Brier Score: 0.0534
2025-06-09 04:57:50,018 - INFO - Confusion Matrix (TN, FP, FN, TP): (5092, 1, 310, 75)
2025-06-09 04:57:50,019 - INFO - ===== Finished Workflow for Random_Forest (group_1) =====
2025-06-09 04:57:50,019 - INFO - 

===== Starting Workflow for XGBoost (group_1) =====
2025-06-09 04:57:50,020 - INFO - --- [XGBoost] Using provided hyperparameters, skipping HPO. ---
2025-06-09 04:57:50,499 - INFO - --- Preparing Model Training & Calibration (cvap) for XGBoost (group_1) ---
2025-06-09 04:57:50,499 - INFO - --- [XGBoost] Predictor save file not found at c:\Users\javym\Documents\Github\TFGs\Fisica\ML-for-star-galaxy-classification\trained_models\group_1\XGBoost_group_1_cvap.joblib. Proceeding with training. ---
2025-06-09 04:57:50,499 - INFO - --- Starting Model Training & Calibration (cvap) ---
2025-06-09 04:57:50,499 - INFO - Using Cross Venn-Abers Prediction (CVAP) with score_method='raw_margin_xgb'
2025-06-09 04:57:50,499 - INFO - Generating out-of-fold scores for CVAP...
2025-06-09 04:57:51,967 - INFO - Out-of-fold score generation complete.
2025-06-09 04:57:51,968 - INFO - Fitting final base model on all data...
2025-06-09 04:57:52,267 - INFO - Final base model fitting complete.
2025-06-09 04:57:52,268 - INFO - Fitting VennAbers calibrators for each fold...
2025-06-09 04:57:52,378 - INFO - VennAbers fitting complete.
2025-06-09 04:57:52,378 - INFO - --- CVAP Training Complete ---
2025-06-09 04:57:52,392 - INFO - --- [XGBoost] Model with calibrator saved successfully to c:\Users\javym\Documents\Github\TFGs\Fisica\ML-for-star-galaxy-classification\trained_models\group_1\XGBoost_group_1_cvap.joblib ---
2025-06-09 04:57:52,414 - INFO - --- XGBoost Metrics ---
2025-06-09 04:57:52,414 - INFO - Accuracy: 0.9637
2025-06-09 04:57:52,414 - INFO - Precision: 0.9152
2025-06-09 04:57:52,414 - INFO - Recall (TPR): 0.5325
2025-06-09 04:57:52,414 - INFO - Specificity (TNR): 0.9963
2025-06-09 04:57:52,414 - INFO - F1-Score: 0.6732
2025-06-09 04:57:52,414 - INFO - G-Mean: 0.7283
2025-06-09 04:57:52,414 - INFO - ROC AUC: 0.8855
2025-06-09 04:57:52,414 - INFO - PR AUC: 0.6817
2025-06-09 04:57:52,414 - INFO - Brier Score: 0.0360
2025-06-09 04:57:52,414 - INFO - Confusion Matrix (TN, FP, FN, TP): (5074, 19, 180, 205)
2025-06-09 04:57:52,414 - INFO - ===== Finished Workflow for XGBoost (group_1) =====
2025-06-09 04:57:52,415 - INFO - 

===== Starting Workflow for LightGBM (group_1) =====
2025-06-09 04:57:52,415 - INFO - --- [LightGBM] Using provided hyperparameters, skipping HPO. ---
2025-06-09 04:57:52,699 - INFO - --- Preparing Model Training & Calibration (cvap) for LightGBM (group_1) ---
2025-06-09 04:57:52,730 - INFO - --- [LightGBM] Predictor save file not found at c:\Users\javym\Documents\Github\TFGs\Fisica\ML-for-star-galaxy-classification\trained_models\group_1\LightGBM_group_1_cvap.joblib. Proceeding with training. ---
2025-06-09 04:57:52,730 - INFO - --- Starting Model Training & Calibration (cvap) ---
2025-06-09 04:57:52,731 - INFO - Using Cross Venn-Abers Prediction (CVAP) with score_method='raw_score_lgbm'
2025-06-09 04:57:52,731 - INFO - Generating out-of-fold scores for CVAP...
2025-06-09 04:57:53,408 - INFO - Out-of-fold score generation complete.
2025-06-09 04:57:53,408 - INFO - Fitting final base model on all data...
2025-06-09 04:57:53,533 - INFO - Final base model fitting complete.
2025-06-09 04:57:53,533 - INFO - Fitting VennAbers calibrators for each fold...
2025-06-09 04:57:53,645 - INFO - VennAbers fitting complete.
2025-06-09 04:57:53,645 - INFO - --- CVAP Training Complete ---
2025-06-09 04:57:53,656 - INFO - --- [LightGBM] Model with calibrator saved successfully to c:\Users\javym\Documents\Github\TFGs\Fisica\ML-for-star-galaxy-classification\trained_models\group_1\LightGBM_group_1_cvap.joblib ---
2025-06-09 04:57:53,681 - INFO - --- LightGBM Metrics ---
2025-06-09 04:57:53,681 - INFO - Accuracy: 0.9297
2025-06-09 04:57:53,681 - INFO - Precision: 0.0000
2025-06-09 04:57:53,681 - INFO - Recall (TPR): 0.0000
2025-06-09 04:57:53,681 - INFO - Specificity (TNR): 1.0000
2025-06-09 04:57:53,681 - INFO - F1-Score: 0.0000
2025-06-09 04:57:53,681 - INFO - G-Mean: 0.0000
2025-06-09 04:57:53,681 - INFO - ROC AUC: 0.6532
2025-06-09 04:57:53,681 - INFO - PR AUC: 0.0932
2025-06-09 04:57:53,681 - INFO - Brier Score: 0.0653
2025-06-09 04:57:53,681 - INFO - Confusion Matrix (TN, FP, FN, TP): (5093, 0, 385, 0)
2025-06-09 04:57:53,681 - INFO - ===== Finished Workflow for LightGBM (group_1) =====
2025-06-09 04:57:53,681 - INFO - --- Finished processing Group: group_1 in 124.87 seconds ---
2025-06-09 04:57:53,681 - INFO - 
============================== Processing Feature Group: group_2 ==============================
2025-06-09 04:57:53,694 - INFO - [group_2] Successfully loaded best parameters from best_params\group_2_best_params.json
2025-06-09 04:57:53,694 - INFO - Original dataset size: (27388, 136)
2025-06-09 04:57:53,711 - INFO - Dataset size after dropping NaNs: (27388, 49)
2025-06-09 04:57:53,712 - INFO - Value counts for target:
1 (Star): 1926
0 (Galaxy): 25462
2025-06-09 04:57:53,716 - INFO - Splitting data using 'stratified' strategy...
2025-06-09 04:57:53,716 - INFO - Target split ratios: Train=0.70, Val=0.10, Test=0.20, Cal=0.00
2025-06-09 04:57:53,735 - INFO - Train set shape: (19171, 48)
2025-06-09 04:57:53,747 - INFO - Validation set shape: (2739, 48)
2025-06-09 04:57:53,747 - INFO - Calibration set is empty (CAL_SIZE=0).
2025-06-09 04:57:53,747 - INFO - Test set shape: (5478, 48)
2025-06-09 04:57:53,747 - INFO - Calibration set shape: (0, 48)
2025-06-09 04:57:53,747 - INFO - Split lengths verification successful.
2025-06-09 04:57:53,747 - INFO - Data splitting complete.
2025-06-09 04:57:53,749 - INFO - Train target distribution:
acs_mu_class
0    0.929685
1    0.070315
Name: count, dtype: float64
2025-06-09 04:57:53,749 - INFO - Train target counts:
acs_mu_class
0    17823
1     1348
Name: count, dtype: int64
2025-06-09 04:57:53,750 - INFO - Validation target distribution:
acs_mu_class
0    0.929536
1    0.070464
Name: count, dtype: float64
2025-06-09 04:57:53,751 - INFO - Validation target counts:
acs_mu_class
0    2546
1     193
Name: count, dtype: int64
2025-06-09 04:57:53,752 - INFO - Test target distribution:
acs_mu_class
0    0.929719
1    0.070281
Name: count, dtype: float64
2025-06-09 04:57:53,752 - INFO - Test target counts:
acs_mu_class
0    5093
1     385
Name: count, dtype: int64
2025-06-09 04:57:53,752 - INFO - Calibration target distribution: Set is empty.
2025-06-09 04:57:53,755 - INFO - Scaler loaded from trained_models\group_2\scaler_group_2.joblib
2025-06-09 04:57:53,770 - INFO - Feature scaling complete.
2025-06-09 04:57:53,770 - INFO - 

===== Starting Workflow for SVM (group_2) =====
2025-06-09 04:57:53,770 - INFO - --- [SVM] Using provided hyperparameters, skipping HPO. ---
2025-06-09 04:57:53,770 - INFO - --- Preparing Model Training & Calibration (cvap) for SVM (group_2) ---
2025-06-09 04:57:53,770 - INFO - --- [SVM] Predictor save file not found at c:\Users\javym\Documents\Github\TFGs\Fisica\ML-for-star-galaxy-classification\trained_models\group_2\SVM_group_2_cvap.joblib. Proceeding with training. ---
2025-06-09 04:57:53,770 - INFO - --- Starting Model Training & Calibration (cvap) ---
2025-06-09 04:57:53,770 - INFO - Using Cross Venn-Abers Prediction (CVAP) with score_method='decision_function'
2025-06-09 04:57:53,770 - INFO - Generating out-of-fold scores for CVAP...
2025-06-09 05:01:13,023 - INFO - Out-of-fold score generation complete.
2025-06-09 05:01:13,023 - INFO - Fitting final base model on all data...
2025-06-09 05:02:16,611 - INFO - Final base model fitting complete.
2025-06-09 05:02:16,611 - INFO - Fitting VennAbers calibrators for each fold...
2025-06-09 05:02:16,694 - INFO - VennAbers fitting complete.
2025-06-09 05:02:16,694 - INFO - --- CVAP Training Complete ---
2025-06-09 05:02:16,700 - INFO - --- [SVM] Model with calibrator saved successfully to c:\Users\javym\Documents\Github\TFGs\Fisica\ML-for-star-galaxy-classification\trained_models\group_2\SVM_group_2_cvap.joblib ---
2025-06-09 05:02:22,331 - INFO - --- SVM Metrics ---
2025-06-09 05:02:22,332 - INFO - Accuracy: 0.9306
2025-06-09 05:02:22,332 - INFO - Precision: 1.0000
2025-06-09 05:02:22,332 - INFO - Recall (TPR): 0.0130
2025-06-09 05:02:22,332 - INFO - Specificity (TNR): 1.0000
2025-06-09 05:02:22,332 - INFO - F1-Score: 0.0256
2025-06-09 05:02:22,332 - INFO - G-Mean: 0.1140
2025-06-09 05:02:22,332 - INFO - ROC AUC: 0.7255
2025-06-09 05:02:22,332 - INFO - PR AUC: 0.1597
2025-06-09 05:02:22,332 - INFO - Brier Score: 0.0623
2025-06-09 05:02:22,332 - INFO - Confusion Matrix (TN, FP, FN, TP): (5093, 0, 380, 5)
2025-06-09 05:02:22,332 - INFO - ===== Finished Workflow for SVM (group_2) =====
2025-06-09 05:02:22,332 - INFO - 

===== Starting Workflow for CART (group_2) =====
2025-06-09 05:02:22,332 - INFO - --- [CART] Using provided hyperparameters, skipping HPO. ---
2025-06-09 05:02:22,332 - INFO - --- Preparing Model Training & Calibration (cvap) for CART (group_2) ---
2025-06-09 05:02:22,333 - INFO - --- [CART] Predictor save file not found at c:\Users\javym\Documents\Github\TFGs\Fisica\ML-for-star-galaxy-classification\trained_models\group_2\CART_group_2_cvap.joblib. Proceeding with training. ---
2025-06-09 05:02:22,333 - INFO - --- Starting Model Training & Calibration (cvap) ---
2025-06-09 05:02:22,333 - INFO - Using Cross Venn-Abers Prediction (CVAP) with score_method='predict_proba'
2025-06-09 05:02:22,333 - INFO - Generating out-of-fold scores for CVAP...
2025-06-09 05:02:28,361 - INFO - Out-of-fold score generation complete.
2025-06-09 05:02:28,361 - INFO - Fitting final base model on all data...
2025-06-09 05:02:30,138 - INFO - Final base model fitting complete.
2025-06-09 05:02:30,138 - INFO - Fitting VennAbers calibrators for each fold...
2025-06-09 05:02:30,138 - INFO - VennAbers fitting complete.
2025-06-09 05:02:30,138 - INFO - --- CVAP Training Complete ---
2025-06-09 05:02:30,152 - INFO - --- [CART] Model with calibrator saved successfully to c:\Users\javym\Documents\Github\TFGs\Fisica\ML-for-star-galaxy-classification\trained_models\group_2\CART_group_2_cvap.joblib ---
2025-06-09 05:02:30,176 - INFO - --- CART Metrics ---
2025-06-09 05:02:30,176 - INFO - Accuracy: 0.9297
2025-06-09 05:02:30,176 - INFO - Precision: 0.0000
2025-06-09 05:02:30,176 - INFO - Recall (TPR): 0.0000
2025-06-09 05:02:30,177 - INFO - Specificity (TNR): 1.0000
2025-06-09 05:02:30,177 - INFO - F1-Score: 0.0000
2025-06-09 05:02:30,177 - INFO - G-Mean: 0.0000
2025-06-09 05:02:30,177 - INFO - ROC AUC: 0.7662
2025-06-09 05:02:30,177 - INFO - PR AUC: 0.5856
2025-06-09 05:02:30,177 - INFO - Brier Score: 0.0703
2025-06-09 05:02:30,177 - INFO - Confusion Matrix (TN, FP, FN, TP): (5093, 0, 385, 0)
2025-06-09 05:02:30,177 - INFO - ===== Finished Workflow for CART (group_2) =====
2025-06-09 05:02:30,177 - INFO - 

===== Starting Workflow for Random_Forest (group_2) =====
2025-06-09 05:02:30,177 - INFO - --- [Random_Forest] Using provided hyperparameters, skipping HPO. ---
2025-06-09 05:02:30,177 - INFO - --- Preparing Model Training & Calibration (cvap) for Random_Forest (group_2) ---
2025-06-09 05:02:30,178 - INFO - --- [Random_Forest] Predictor save file not found at c:\Users\javym\Documents\Github\TFGs\Fisica\ML-for-star-galaxy-classification\trained_models\group_2\Random_Forest_group_2_cvap.joblib. Proceeding with training. ---
2025-06-09 05:02:30,178 - INFO - --- Starting Model Training & Calibration (cvap) ---
2025-06-09 05:02:30,178 - INFO - Using Cross Venn-Abers Prediction (CVAP) with score_method='predict_proba'
2025-06-09 05:02:30,178 - INFO - Generating out-of-fold scores for CVAP...
2025-06-09 05:02:42,272 - INFO - Out-of-fold score generation complete.
2025-06-09 05:02:42,273 - INFO - Fitting final base model on all data...
2025-06-09 05:02:45,245 - INFO - Final base model fitting complete.
2025-06-09 05:02:45,245 - INFO - Fitting VennAbers calibrators for each fold...
2025-06-09 05:02:45,347 - INFO - VennAbers fitting complete.
2025-06-09 05:02:45,347 - INFO - --- CVAP Training Complete ---
2025-06-09 05:02:45,392 - INFO - --- [Random_Forest] Model with calibrator saved successfully to c:\Users\javym\Documents\Github\TFGs\Fisica\ML-for-star-galaxy-classification\trained_models\group_2\Random_Forest_group_2_cvap.joblib ---
2025-06-09 05:02:45,475 - INFO - --- Random_Forest Metrics ---
2025-06-09 05:02:45,475 - INFO - Accuracy: 0.9304
2025-06-09 05:02:45,475 - INFO - Precision: 1.0000
2025-06-09 05:02:45,475 - INFO - Recall (TPR): 0.0104
2025-06-09 05:02:45,475 - INFO - Specificity (TNR): 1.0000
2025-06-09 05:02:45,475 - INFO - F1-Score: 0.0206
2025-06-09 05:02:45,475 - INFO - G-Mean: 0.1019
2025-06-09 05:02:45,475 - INFO - ROC AUC: 0.8967
2025-06-09 05:02:45,475 - INFO - PR AUC: 0.4786
2025-06-09 05:02:45,475 - INFO - Brier Score: 0.0581
2025-06-09 05:02:45,475 - INFO - Confusion Matrix (TN, FP, FN, TP): (5093, 0, 381, 4)
2025-06-09 05:02:45,475 - INFO - ===== Finished Workflow for Random_Forest (group_2) =====
2025-06-09 05:02:45,475 - INFO - 

===== Starting Workflow for XGBoost (group_2) =====
2025-06-09 05:02:45,475 - INFO - --- [XGBoost] Using provided hyperparameters, skipping HPO. ---
2025-06-09 05:02:48,109 - INFO - --- Preparing Model Training & Calibration (cvap) for XGBoost (group_2) ---
2025-06-09 05:02:48,109 - INFO - --- [XGBoost] Predictor save file not found at c:\Users\javym\Documents\Github\TFGs\Fisica\ML-for-star-galaxy-classification\trained_models\group_2\XGBoost_group_2_cvap.joblib. Proceeding with training. ---
2025-06-09 05:02:48,109 - INFO - --- Starting Model Training & Calibration (cvap) ---
2025-06-09 05:02:48,110 - INFO - Using Cross Venn-Abers Prediction (CVAP) with score_method='raw_margin_xgb'
2025-06-09 05:02:48,110 - INFO - Generating out-of-fold scores for CVAP...
2025-06-09 05:02:56,251 - INFO - Out-of-fold score generation complete.
2025-06-09 05:02:56,251 - INFO - Fitting final base model on all data...
2025-06-09 05:02:58,046 - INFO - Final base model fitting complete.
2025-06-09 05:02:58,046 - INFO - Fitting VennAbers calibrators for each fold...
2025-06-09 05:02:58,154 - INFO - VennAbers fitting complete.
2025-06-09 05:02:58,154 - INFO - --- CVAP Training Complete ---
2025-06-09 05:02:58,175 - INFO - --- [XGBoost] Model with calibrator saved successfully to c:\Users\javym\Documents\Github\TFGs\Fisica\ML-for-star-galaxy-classification\trained_models\group_2\XGBoost_group_2_cvap.joblib ---
2025-06-09 05:02:58,197 - INFO - --- XGBoost Metrics ---
2025-06-09 05:02:58,197 - INFO - Accuracy: 0.9710
2025-06-09 05:02:58,197 - INFO - Precision: 0.9449
2025-06-09 05:02:58,197 - INFO - Recall (TPR): 0.6234
2025-06-09 05:02:58,197 - INFO - Specificity (TNR): 0.9973
2025-06-09 05:02:58,197 - INFO - F1-Score: 0.7512
2025-06-09 05:02:58,197 - INFO - G-Mean: 0.7885
2025-06-09 05:02:58,197 - INFO - ROC AUC: 0.9223
2025-06-09 05:02:58,197 - INFO - PR AUC: 0.7908
2025-06-09 05:02:58,197 - INFO - Brier Score: 0.0279
2025-06-09 05:02:58,197 - INFO - Confusion Matrix (TN, FP, FN, TP): (5079, 14, 145, 240)
2025-06-09 05:02:58,197 - INFO - ===== Finished Workflow for XGBoost (group_2) =====
2025-06-09 05:02:58,226 - INFO - 

===== Starting Workflow for LightGBM (group_2) =====
2025-06-09 05:02:58,226 - INFO - --- [LightGBM] Using provided hyperparameters, skipping HPO. ---
2025-06-09 05:02:58,778 - INFO - --- Preparing Model Training & Calibration (cvap) for LightGBM (group_2) ---
2025-06-09 05:02:58,778 - INFO - --- [LightGBM] Predictor save file not found at c:\Users\javym\Documents\Github\TFGs\Fisica\ML-for-star-galaxy-classification\trained_models\group_2\LightGBM_group_2_cvap.joblib. Proceeding with training. ---
2025-06-09 05:02:58,778 - INFO - --- Starting Model Training & Calibration (cvap) ---
2025-06-09 05:02:58,778 - INFO - Using Cross Venn-Abers Prediction (CVAP) with score_method='raw_score_lgbm'
2025-06-09 05:02:58,778 - INFO - Generating out-of-fold scores for CVAP...
2025-06-09 05:03:00,875 - INFO - Out-of-fold score generation complete.
2025-06-09 05:03:00,875 - INFO - Fitting final base model on all data...
2025-06-09 05:03:01,336 - INFO - Final base model fitting complete.
2025-06-09 05:03:01,336 - INFO - Fitting VennAbers calibrators for each fold...
2025-06-09 05:03:01,432 - INFO - VennAbers fitting complete.
2025-06-09 05:03:01,433 - INFO - --- CVAP Training Complete ---
2025-06-09 05:03:01,471 - INFO - --- [LightGBM] Model with calibrator saved successfully to c:\Users\javym\Documents\Github\TFGs\Fisica\ML-for-star-galaxy-classification\trained_models\group_2\LightGBM_group_2_cvap.joblib ---
2025-06-09 05:03:01,516 - INFO - --- LightGBM Metrics ---
2025-06-09 05:03:01,516 - INFO - Accuracy: 0.9695
2025-06-09 05:03:01,516 - INFO - Precision: 0.9007
2025-06-09 05:03:01,516 - INFO - Recall (TPR): 0.6364
2025-06-09 05:03:01,516 - INFO - Specificity (TNR): 0.9947
2025-06-09 05:03:01,516 - INFO - F1-Score: 0.7458
2025-06-09 05:03:01,516 - INFO - G-Mean: 0.7956
2025-06-09 05:03:01,517 - INFO - ROC AUC: 0.9117
2025-06-09 05:03:01,517 - INFO - PR AUC: 0.7821
2025-06-09 05:03:01,517 - INFO - Brier Score: 0.0287
2025-06-09 05:03:01,517 - INFO - Confusion Matrix (TN, FP, FN, TP): (5066, 27, 140, 245)
2025-06-09 05:03:01,517 - INFO - ===== Finished Workflow for LightGBM (group_2) =====
2025-06-09 05:03:01,517 - INFO - --- Finished processing Group: group_2 in 307.84 seconds ---
2025-06-09 05:03:01,517 - INFO - 
============================== Processing Feature Group: group_3 ==============================
2025-06-09 05:03:01,533 - INFO - [group_3] Successfully loaded best parameters from best_params\group_3_best_params.json
2025-06-09 05:03:01,533 - INFO - Original dataset size: (27388, 136)
2025-06-09 05:03:01,550 - INFO - Dataset size after dropping NaNs: (27388, 56)
2025-06-09 05:03:01,551 - INFO - Value counts for target:
1 (Star): 1926
0 (Galaxy): 25462
2025-06-09 05:03:01,554 - INFO - Splitting data using 'stratified' strategy...
2025-06-09 05:03:01,554 - INFO - Target split ratios: Train=0.70, Val=0.10, Test=0.20, Cal=0.00
2025-06-09 05:03:01,577 - INFO - Train set shape: (19171, 55)
2025-06-09 05:03:01,578 - INFO - Validation set shape: (2739, 55)
2025-06-09 05:03:01,578 - INFO - Calibration set is empty (CAL_SIZE=0).
2025-06-09 05:03:01,578 - INFO - Test set shape: (5478, 55)
2025-06-09 05:03:01,578 - INFO - Calibration set shape: (0, 55)
2025-06-09 05:03:01,578 - INFO - Split lengths verification successful.
2025-06-09 05:03:01,578 - INFO - Data splitting complete.
2025-06-09 05:03:01,578 - INFO - Train target distribution:
acs_mu_class
0    0.929685
1    0.070315
Name: count, dtype: float64
2025-06-09 05:03:01,584 - INFO - Train target counts:
acs_mu_class
0    17823
1     1348
Name: count, dtype: int64
2025-06-09 05:03:01,584 - INFO - Validation target distribution:
acs_mu_class
0    0.929536
1    0.070464
Name: count, dtype: float64
2025-06-09 05:03:01,584 - INFO - Validation target counts:
acs_mu_class
0    2546
1     193
Name: count, dtype: int64
2025-06-09 05:03:01,585 - INFO - Test target distribution:
acs_mu_class
0    0.929719
1    0.070281
Name: count, dtype: float64
2025-06-09 05:03:01,585 - INFO - Test target counts:
acs_mu_class
0    5093
1     385
Name: count, dtype: int64
2025-06-09 05:03:01,585 - INFO - Calibration target distribution: Set is empty.
2025-06-09 05:03:01,588 - INFO - Scaler loaded from trained_models\group_3\scaler_group_3.joblib
2025-06-09 05:03:01,596 - INFO - Feature scaling complete.
2025-06-09 05:03:01,602 - INFO - 

===== Starting Workflow for SVM (group_3) =====
2025-06-09 05:03:01,602 - INFO - --- [SVM] Using provided hyperparameters, skipping HPO. ---
2025-06-09 05:03:01,603 - INFO - --- Preparing Model Training & Calibration (cvap) for SVM (group_3) ---
2025-06-09 05:03:01,603 - INFO - --- [SVM] Predictor save file not found at c:\Users\javym\Documents\Github\TFGs\Fisica\ML-for-star-galaxy-classification\trained_models\group_3\SVM_group_3_cvap.joblib. Proceeding with training. ---
2025-06-09 05:03:01,603 - INFO - --- Starting Model Training & Calibration (cvap) ---
2025-06-09 05:03:01,603 - INFO - Using Cross Venn-Abers Prediction (CVAP) with score_method='decision_function'
2025-06-09 05:03:01,603 - INFO - Generating out-of-fold scores for CVAP...
2025-06-09 05:05:17,538 - INFO - Out-of-fold score generation complete.
2025-06-09 05:05:17,538 - INFO - Fitting final base model on all data...
2025-06-09 05:06:05,024 - INFO - Final base model fitting complete.
2025-06-09 05:06:05,025 - INFO - Fitting VennAbers calibrators for each fold...
2025-06-09 05:06:05,112 - INFO - VennAbers fitting complete.
2025-06-09 05:06:05,112 - INFO - --- CVAP Training Complete ---
2025-06-09 05:06:05,116 - INFO - --- [SVM] Model with calibrator saved successfully to c:\Users\javym\Documents\Github\TFGs\Fisica\ML-for-star-galaxy-classification\trained_models\group_3\SVM_group_3_cvap.joblib ---
2025-06-09 05:06:10,716 - INFO - --- SVM Metrics ---
2025-06-09 05:06:10,716 - INFO - Accuracy: 0.9441
2025-06-09 05:06:10,716 - INFO - Precision: 0.9877
2025-06-09 05:06:10,716 - INFO - Recall (TPR): 0.2078
2025-06-09 05:06:10,716 - INFO - Specificity (TNR): 0.9998
2025-06-09 05:06:10,716 - INFO - F1-Score: 0.3433
2025-06-09 05:06:10,716 - INFO - G-Mean: 0.4558
2025-06-09 05:06:10,716 - INFO - ROC AUC: 0.8726
2025-06-09 05:06:10,716 - INFO - PR AUC: 0.6331
2025-06-09 05:06:10,716 - INFO - Brier Score: 0.0451
2025-06-09 05:06:10,716 - INFO - Confusion Matrix (TN, FP, FN, TP): (5092, 1, 305, 80)
2025-06-09 05:06:10,716 - INFO - ===== Finished Workflow for SVM (group_3) =====
2025-06-09 05:06:10,717 - INFO - 

===== Starting Workflow for CART (group_3) =====
2025-06-09 05:06:10,717 - INFO - --- [CART] Using provided hyperparameters, skipping HPO. ---
2025-06-09 05:06:10,717 - INFO - --- Preparing Model Training & Calibration (cvap) for CART (group_3) ---
2025-06-09 05:06:10,717 - INFO - --- [CART] Predictor save file not found at c:\Users\javym\Documents\Github\TFGs\Fisica\ML-for-star-galaxy-classification\trained_models\group_3\CART_group_3_cvap.joblib. Proceeding with training. ---
2025-06-09 05:06:10,717 - INFO - --- Starting Model Training & Calibration (cvap) ---
2025-06-09 05:06:10,719 - INFO - Using Cross Venn-Abers Prediction (CVAP) with score_method='predict_proba'
2025-06-09 05:06:10,719 - INFO - Generating out-of-fold scores for CVAP...
2025-06-09 05:06:16,668 - INFO - Out-of-fold score generation complete.
2025-06-09 05:06:16,668 - INFO - Fitting final base model on all data...
2025-06-09 05:06:18,255 - INFO - Final base model fitting complete.
2025-06-09 05:06:18,255 - INFO - Fitting VennAbers calibrators for each fold...
2025-06-09 05:06:18,255 - INFO - VennAbers fitting complete.
2025-06-09 05:06:18,255 - INFO - --- CVAP Training Complete ---
2025-06-09 05:06:18,255 - INFO - --- [CART] Model with calibrator saved successfully to c:\Users\javym\Documents\Github\TFGs\Fisica\ML-for-star-galaxy-classification\trained_models\group_3\CART_group_3_cvap.joblib ---
2025-06-09 05:06:18,269 - INFO - --- CART Metrics ---
2025-06-09 05:06:18,269 - INFO - Accuracy: 0.9297
2025-06-09 05:06:18,269 - INFO - Precision: 0.0000
2025-06-09 05:06:18,269 - INFO - Recall (TPR): 0.0000
2025-06-09 05:06:18,270 - INFO - Specificity (TNR): 1.0000
2025-06-09 05:06:18,270 - INFO - F1-Score: 0.0000
2025-06-09 05:06:18,270 - INFO - G-Mean: 0.0000
2025-06-09 05:06:18,270 - INFO - ROC AUC: 0.7945
2025-06-09 05:06:18,270 - INFO - PR AUC: 0.6385
2025-06-09 05:06:18,270 - INFO - Brier Score: 0.0703
2025-06-09 05:06:18,270 - INFO - Confusion Matrix (TN, FP, FN, TP): (5093, 0, 385, 0)
2025-06-09 05:06:18,270 - INFO - ===== Finished Workflow for CART (group_3) =====
2025-06-09 05:06:18,270 - INFO - 

===== Starting Workflow for Random_Forest (group_3) =====
2025-06-09 05:06:18,270 - INFO - --- [Random_Forest] Using provided hyperparameters, skipping HPO. ---
2025-06-09 05:06:18,270 - INFO - --- Preparing Model Training & Calibration (cvap) for Random_Forest (group_3) ---
2025-06-09 05:06:18,270 - INFO - --- [Random_Forest] Predictor save file not found at c:\Users\javym\Documents\Github\TFGs\Fisica\ML-for-star-galaxy-classification\trained_models\group_3\Random_Forest_group_3_cvap.joblib. Proceeding with training. ---
2025-06-09 05:06:18,270 - INFO - --- Starting Model Training & Calibration (cvap) ---
2025-06-09 05:06:18,272 - INFO - Using Cross Venn-Abers Prediction (CVAP) with score_method='predict_proba'
2025-06-09 05:06:18,272 - INFO - Generating out-of-fold scores for CVAP...
2025-06-09 05:06:24,073 - INFO - Out-of-fold score generation complete.
2025-06-09 05:06:24,073 - INFO - Fitting final base model on all data...
2025-06-09 05:06:25,401 - INFO - Final base model fitting complete.
2025-06-09 05:06:25,401 - INFO - Fitting VennAbers calibrators for each fold...
2025-06-09 05:06:25,490 - INFO - VennAbers fitting complete.
2025-06-09 05:06:25,490 - INFO - --- CVAP Training Complete ---
2025-06-09 05:06:25,540 - INFO - --- [Random_Forest] Model with calibrator saved successfully to c:\Users\javym\Documents\Github\TFGs\Fisica\ML-for-star-galaxy-classification\trained_models\group_3\Random_Forest_group_3_cvap.joblib ---
2025-06-09 05:06:25,618 - INFO - --- Random_Forest Metrics ---
2025-06-09 05:06:25,618 - INFO - Accuracy: 0.9361
2025-06-09 05:06:25,618 - INFO - Precision: 1.0000
2025-06-09 05:06:25,618 - INFO - Recall (TPR): 0.0909
2025-06-09 05:06:25,618 - INFO - Specificity (TNR): 1.0000
2025-06-09 05:06:25,618 - INFO - F1-Score: 0.1667
2025-06-09 05:06:25,618 - INFO - G-Mean: 0.3015
2025-06-09 05:06:25,618 - INFO - ROC AUC: 0.9400
2025-06-09 05:06:25,618 - INFO - PR AUC: 0.7639
2025-06-09 05:06:25,618 - INFO - Brier Score: 0.0420
2025-06-09 05:06:25,618 - INFO - Confusion Matrix (TN, FP, FN, TP): (5093, 0, 350, 35)
2025-06-09 05:06:25,618 - INFO - ===== Finished Workflow for Random_Forest (group_3) =====
2025-06-09 05:06:25,624 - INFO - 

===== Starting Workflow for XGBoost (group_3) =====
2025-06-09 05:06:25,624 - INFO - --- [XGBoost] Using provided hyperparameters, skipping HPO. ---
2025-06-09 05:06:27,738 - INFO - --- Preparing Model Training & Calibration (cvap) for XGBoost (group_3) ---
2025-06-09 05:06:27,738 - INFO - --- [XGBoost] Predictor save file not found at c:\Users\javym\Documents\Github\TFGs\Fisica\ML-for-star-galaxy-classification\trained_models\group_3\XGBoost_group_3_cvap.joblib. Proceeding with training. ---
2025-06-09 05:06:27,738 - INFO - --- Starting Model Training & Calibration (cvap) ---
2025-06-09 05:06:27,738 - INFO - Using Cross Venn-Abers Prediction (CVAP) with score_method='raw_margin_xgb'
2025-06-09 05:06:27,738 - INFO - Generating out-of-fold scores for CVAP...
2025-06-09 05:06:35,250 - INFO - Out-of-fold score generation complete.
2025-06-09 05:06:35,250 - INFO - Fitting final base model on all data...
2025-06-09 05:06:36,902 - INFO - Final base model fitting complete.
2025-06-09 05:06:36,902 - INFO - Fitting VennAbers calibrators for each fold...
2025-06-09 05:06:37,017 - INFO - VennAbers fitting complete.
2025-06-09 05:06:37,018 - INFO - --- CVAP Training Complete ---
2025-06-09 05:06:37,035 - INFO - --- [XGBoost] Model with calibrator saved successfully to c:\Users\javym\Documents\Github\TFGs\Fisica\ML-for-star-galaxy-classification\trained_models\group_3\XGBoost_group_3_cvap.joblib ---
2025-06-09 05:06:37,059 - INFO - --- XGBoost Metrics ---
2025-06-09 05:06:37,059 - INFO - Accuracy: 0.9743
2025-06-09 05:06:37,059 - INFO - Precision: 0.9207
2025-06-09 05:06:37,059 - INFO - Recall (TPR): 0.6935
2025-06-09 05:06:37,059 - INFO - Specificity (TNR): 0.9955
2025-06-09 05:06:37,059 - INFO - F1-Score: 0.7911
2025-06-09 05:06:37,059 - INFO - G-Mean: 0.8309
2025-06-09 05:06:37,059 - INFO - ROC AUC: 0.9481
2025-06-09 05:06:37,059 - INFO - PR AUC: 0.8200
2025-06-09 05:06:37,059 - INFO - Brier Score: 0.0241
2025-06-09 05:06:37,059 - INFO - Confusion Matrix (TN, FP, FN, TP): (5070, 23, 118, 267)
2025-06-09 05:06:37,059 - INFO - ===== Finished Workflow for XGBoost (group_3) =====
2025-06-09 05:06:37,066 - INFO - 

===== Starting Workflow for LightGBM (group_3) =====
2025-06-09 05:06:37,066 - INFO - --- [LightGBM] Using provided hyperparameters, skipping HPO. ---
2025-06-09 05:06:37,616 - INFO - --- Preparing Model Training & Calibration (cvap) for LightGBM (group_3) ---
2025-06-09 05:06:37,617 - INFO - --- [LightGBM] Predictor save file not found at c:\Users\javym\Documents\Github\TFGs\Fisica\ML-for-star-galaxy-classification\trained_models\group_3\LightGBM_group_3_cvap.joblib. Proceeding with training. ---
2025-06-09 05:06:37,617 - INFO - --- Starting Model Training & Calibration (cvap) ---
2025-06-09 05:06:37,617 - INFO - Using Cross Venn-Abers Prediction (CVAP) with score_method='raw_score_lgbm'
2025-06-09 05:06:37,617 - INFO - Generating out-of-fold scores for CVAP...
2025-06-09 05:06:39,398 - INFO - Out-of-fold score generation complete.
2025-06-09 05:06:39,398 - INFO - Fitting final base model on all data...
2025-06-09 05:06:39,770 - INFO - Final base model fitting complete.
2025-06-09 05:06:39,771 - INFO - Fitting VennAbers calibrators for each fold...
2025-06-09 05:06:39,884 - INFO - VennAbers fitting complete.
2025-06-09 05:06:39,884 - INFO - --- CVAP Training Complete ---
2025-06-09 05:06:39,902 - INFO - --- [LightGBM] Model with calibrator saved successfully to c:\Users\javym\Documents\Github\TFGs\Fisica\ML-for-star-galaxy-classification\trained_models\group_3\LightGBM_group_3_cvap.joblib ---
2025-06-09 05:06:39,937 - INFO - --- LightGBM Metrics ---
2025-06-09 05:06:39,937 - INFO - Accuracy: 0.9735
2025-06-09 05:06:39,937 - INFO - Precision: 0.9255
2025-06-09 05:06:39,937 - INFO - Recall (TPR): 0.6779
2025-06-09 05:06:39,937 - INFO - Specificity (TNR): 0.9959
2025-06-09 05:06:39,937 - INFO - F1-Score: 0.7826
2025-06-09 05:06:39,937 - INFO - G-Mean: 0.8217
2025-06-09 05:06:39,937 - INFO - ROC AUC: 0.9425
2025-06-09 05:06:39,937 - INFO - PR AUC: 0.8113
2025-06-09 05:06:39,937 - INFO - Brier Score: 0.0255
2025-06-09 05:06:39,937 - INFO - Confusion Matrix (TN, FP, FN, TP): (5072, 21, 124, 261)
2025-06-09 05:06:39,937 - INFO - ===== Finished Workflow for LightGBM (group_3) =====
2025-06-09 05:06:39,938 - INFO - --- Finished processing Group: group_3 in 218.42 seconds ---
2025-06-09 05:06:39,939 - INFO - 
============================== FINISHED PROCESSING ALL GROUPS in 651.13 seconds ==============================
2025-06-09 05:06:39,945 - INFO - Successfully saved all group results to results\all_group_results_20250609_045548.json
2025-06-09 05:06:40,010 - INFO - Results summary DataFrame saved to .\model_comparison_summary_all_groups_20250609_050640.csv
2025-06-09 05:06:40,010 - WARNING - Plotting code for CP set types is commented out and may need adaptation for multi-group data.
